<?xml version="1.0" encoding="UTF-8"?>
<!-- Generated by org.testng.reporters.JUnitReportReporter -->
<testsuite hostname="LAPTOP-6QBHOLHT" failures="0" tests="3" name="com.Demo.testCase.Tc_login" time="27.060" errors="0" timestamp="2023-07-21T15:51:16 IST" skipped="0">
  <testcase classname="com.Demo.testCase.Tc_login" name="loginTestWithInValideCerdentials" time="9.697"/>
  <testcase classname="com.Demo.testCase.Tc_login" name="loginTestWithNoCerdential" time="3.574"/>
  <testcase classname="com.Demo.testCase.Tc_login" name="loginTestWithValideCerdential" time="13.789"/>
</testsuite> <!-- com.Demo.testCase.Tc_login -->
