<?xml version="1.0" encoding="UTF-8"?>
<!-- Generated by org.testng.reporters.JUnitReportReporter -->
<testsuite hostname="LAPTOP-6QBHOLHT" failures="0" tests="1" name="com.Demo.testCase.Tc_loginTest" time="53.647" errors="0" timestamp="2023-07-21T20:13:57 IST" skipped="0">
  <testcase classname="com.Demo.testCase.Tc_loginTest" name="loginTestWithValideCerdential" time="53.647"/>
</testsuite> <!-- com.Demo.testCase.Tc_loginTest -->
